<?xml version="1.0" encoding="UTF-8"?>
<testng-results ignored="0" total="2" passed="2" failed="0" skipped="0">
  <reporter-output>
  </reporter-output>
  <suite started-at="2022-08-20T21:02:54 IST" name="Suite" finished-at="2022-08-20T21:03:55 IST" duration-ms="60736">
    <groups>
    </groups>
    <test started-at="2022-08-20T21:02:54 IST" name="Login_test_001" finished-at="2022-08-20T21:03:55 IST" duration-ms="60736">
      <class name="com.inetBanking.testCases.Login_Test_003">
        <test-method is-config="true" signature="setup(java.lang.String)[pri:0, instance:com.inetBanking.testCases.Login_Test_003@611889f4]" started-at="2022-08-20T21:03:10 IST" name="setup" finished-at="2022-08-20T21:03:11 IST" duration-ms="1545" status="PASS">
          <params>
            <param index="0">
              <value>
                <![CDATA[ie]]>
              </value>
            </param>
          </params>
          <reporter-output>
          </reporter-output>
        </test-method> <!-- setup -->
        <test-method signature="AddCust()[pri:0, instance:com.inetBanking.testCases.Login_Test_003@611889f4]" started-at="2022-08-20T21:03:11 IST" name="AddCust" finished-at="2022-08-20T21:03:54 IST" duration-ms="42933" status="PASS">
          <reporter-output>
          </reporter-output>
        </test-method> <!-- AddCust -->
        <test-method is-config="true" signature="tearDown()[pri:0, instance:com.inetBanking.testCases.Login_Test_003@611889f4]" started-at="2022-08-20T21:03:54 IST" name="tearDown" finished-at="2022-08-20T21:03:55 IST" duration-ms="777" status="PASS">
          <reporter-output>
          </reporter-output>
        </test-method> <!-- tearDown -->
      </class> <!-- com.inetBanking.testCases.Login_Test_003 -->
      <class name="com.inetBanking.testCases.Login_test_001">
        <test-method is-config="true" signature="setup(java.lang.String)[pri:0, instance:com.inetBanking.testCases.Login_test_001@169e6180]" started-at="2022-08-20T21:02:55 IST" name="setup" finished-at="2022-08-20T21:02:58 IST" duration-ms="3692" status="PASS">
          <params>
            <param index="0">
              <value>
                <![CDATA[ie]]>
              </value>
            </param>
          </params>
          <reporter-output>
          </reporter-output>
        </test-method> <!-- setup -->
        <test-method signature="LoginTest()[pri:0, instance:com.inetBanking.testCases.Login_test_001@169e6180]" started-at="2022-08-20T21:02:58 IST" name="LoginTest" finished-at="2022-08-20T21:03:09 IST" duration-ms="10711" status="PASS">
          <reporter-output>
          </reporter-output>
        </test-method> <!-- LoginTest -->
        <test-method is-config="true" signature="tearDown()[pri:0, instance:com.inetBanking.testCases.Login_test_001@169e6180]" started-at="2022-08-20T21:03:09 IST" name="tearDown" finished-at="2022-08-20T21:03:10 IST" duration-ms="802" status="PASS">
          <reporter-output>
          </reporter-output>
        </test-method> <!-- tearDown -->
      </class> <!-- com.inetBanking.testCases.Login_test_001 -->
    </test> <!-- Login_test_001 -->
  </suite> <!-- Suite -->
</testng-results>
