<?xml version="1.0" encoding="UTF-8"?>
<testng-results ignored="0" total="2" passed="2" failed="0" skipped="0">
  <reporter-output>
  </reporter-output>
  <suite started-at="2022-08-20T13:12:05 IST" name="Suite" finished-at="2022-08-20T13:13:42 IST" duration-ms="97044">
    <groups>
    </groups>
    <test started-at="2022-08-20T13:12:05 IST" name="Login_test_001" finished-at="2022-08-20T13:13:42 IST" duration-ms="97044">
      <class name="com.inetBanking.testCases.Login_Test_003">
        <test-method is-config="true" signature="setup(java.lang.String)[pri:0, instance:com.inetBanking.testCases.Login_Test_003@5677323c]" started-at="2022-08-20T13:12:53 IST" name="setup" finished-at="2022-08-20T13:12:54 IST" duration-ms="1318" status="PASS">
          <params>
            <param index="0">
              <value>
                <![CDATA[ie]]>
              </value>
            </param>
          </params>
          <reporter-output>
          </reporter-output>
        </test-method> <!-- setup -->
        <test-method signature="AddCust()[pri:0, instance:com.inetBanking.testCases.Login_Test_003@5677323c]" started-at="2022-08-20T13:12:54 IST" name="AddCust" finished-at="2022-08-20T13:13:41 IST" duration-ms="46456" status="PASS">
          <reporter-output>
          </reporter-output>
        </test-method> <!-- AddCust -->
        <test-method is-config="true" signature="tearDown()[pri:0, instance:com.inetBanking.testCases.Login_Test_003@5677323c]" started-at="2022-08-20T13:13:41 IST" name="tearDown" finished-at="2022-08-20T13:13:42 IST" duration-ms="867" status="PASS">
          <reporter-output>
          </reporter-output>
        </test-method> <!-- tearDown -->
      </class> <!-- com.inetBanking.testCases.Login_Test_003 -->
      <class name="com.inetBanking.testCases.Login_test_001">
        <test-method is-config="true" signature="setup(java.lang.String)[pri:0, instance:com.inetBanking.testCases.Login_test_001@6221a451]" started-at="2022-08-20T13:12:05 IST" name="setup" finished-at="2022-08-20T13:12:08 IST" duration-ms="2689" status="PASS">
          <params>
            <param index="0">
              <value>
                <![CDATA[ie]]>
              </value>
            </param>
          </params>
          <reporter-output>
          </reporter-output>
        </test-method> <!-- setup -->
        <test-method signature="LoginTest()[pri:0, instance:com.inetBanking.testCases.Login_test_001@6221a451]" started-at="2022-08-20T13:12:08 IST" name="LoginTest" finished-at="2022-08-20T13:12:52 IST" duration-ms="44569" status="PASS">
          <reporter-output>
          </reporter-output>
        </test-method> <!-- LoginTest -->
        <test-method is-config="true" signature="tearDown()[pri:0, instance:com.inetBanking.testCases.Login_test_001@6221a451]" started-at="2022-08-20T13:12:52 IST" name="tearDown" finished-at="2022-08-20T13:12:53 IST" duration-ms="944" status="PASS">
          <reporter-output>
          </reporter-output>
        </test-method> <!-- tearDown -->
      </class> <!-- com.inetBanking.testCases.Login_test_001 -->
    </test> <!-- Login_test_001 -->
  </suite> <!-- Suite -->
</testng-results>
